<?xml version="1.0" encoding="UTF-8"?>
<!-- Generated by org.testng.reporters.JUnitReportReporter -->
<testsuite hostname="DESKTOP-R5G2DOL" failures="0" tests="2" name="com.testng.annotations.Parallel_Testing" time="8.682" errors="0" timestamp="2022-12-15T16:06:16 IST" skipped="0">
  <testcase classname="com.testng.annotations.Parallel_Testing" name="instagram" time="5.453"/>
  <system-out/>
  <testcase classname="com.testng.annotations.Parallel_Testing" name="fb" time="3.229"/>
  <system-out/>
</testsuite> <!-- com.testng.annotations.Parallel_Testing -->
