<?xml version="1.0" encoding="UTF-8"?>
<!-- Generated by org.testng.reporters.JUnitReportReporter -->
<testsuite hostname="DESKTOP-R5G2DOL" failures="0" tests="6" name="com.testng.annotations.Parameter_Annotation_MultipleData" time="0.408" errors="0" timestamp="2022-11-25T12:19:41 IST" skipped="0">
  <testcase classname="com.testng.annotations.Parameter_Annotation_MultipleData" name="address" time="0.010"/>
  <system-out/>
  <testcase classname="com.testng.annotations.Parameter_Annotation_MultipleData" name="address" time="0.021"/>
  <system-out/>
  <testcase classname="com.testng.annotations.Parameter_Annotation_MultipleData" name="address" time="0.340"/>
  <system-out/>
  <testcase classname="com.testng.annotations.Parameter_Annotation_MultipleData" name="credencials" time="0.014"/>
  <system-out/>
  <testcase classname="com.testng.annotations.Parameter_Annotation_MultipleData" name="credencials" time="0.011"/>
  <system-out/>
  <testcase classname="com.testng.annotations.Parameter_Annotation_MultipleData" name="credencials" time="0.012"/>
  <system-out/>
</testsuite> <!-- com.testng.annotations.Parameter_Annotation_MultipleData -->
