<?xml version="1.0" encoding="UTF-8"?>
<!-- Generated by org.testng.reporters.JUnitReportReporter -->
<testsuite hostname="DESKTOP-R5G2DOL" failures="0" tests="4" name="com.testng.annotations.DataProvider_MultipleDataFromExcel" time="18.585" errors="0" timestamp="2022-11-25T21:44:45 IST" skipped="0">
  <testcase classname="com.testng.annotations.DataProvider_MultipleDataFromExcel" name="userData" time="4.254"/>
  <system-out/>
  <testcase classname="com.testng.annotations.DataProvider_MultipleDataFromExcel" name="userData" time="2.840"/>
  <system-out/>
  <testcase classname="com.testng.annotations.DataProvider_MultipleDataFromExcel" name="userData" time="3.448"/>
  <system-out/>
  <testcase classname="com.testng.annotations.DataProvider_MultipleDataFromExcel" name="userData" time="8.043"/>
  <system-out/>
</testsuite> <!-- com.testng.annotations.DataProvider_MultipleDataFromExcel -->
